<?xml version="1.0" encoding="UTF-8"?>
<testng-results ignored="0" total="1" passed="1" failed="0" skipped="0">
  <reporter-output>
  </reporter-output>
  <suite started-at="2023-10-23T19:40:08 IST" name="Default suite" finished-at="2023-10-23T19:41:15 IST" duration-ms="67682">
    <groups>
    </groups>
    <test started-at="2023-10-23T19:40:08 IST" name="Default test" finished-at="2023-10-23T19:41:15 IST" duration-ms="67682">
      <class name="test.Tecovas_Test">
        <test-method is-config="true" signature="setUp()[pri:0, instance:test.Tecovas_Test@25641d39]" started-at="2023-10-23T19:40:08 IST" name="setUp" finished-at="2023-10-23T19:40:20 IST" duration-ms="12689" status="PASS">
          <reporter-output>
          </reporter-output>
        </test-method> <!-- setUp -->
        <test-method signature="test()[pri:0, instance:test.Tecovas_Test@25641d39]" started-at="2023-10-23T19:40:20 IST" name="test" finished-at="2023-10-23T19:41:15 IST" duration-ms="54889" status="PASS">
          <reporter-output>
          </reporter-output>
        </test-method> <!-- test -->
      </class> <!-- test.Tecovas_Test -->
    </test> <!-- Default test -->
  </suite> <!-- Default suite -->
</testng-results>
